This is pdfTeX, Version 3.141592653-2.6-1.40.25 (MiKTeX 23.4) (preloaded format=pdflatex 2023.8.2)  27 AUG 2023 20:40
entering extended mode
 restricted \write18 enabled.
 %&-line parsing enabled.
**./mihanovic_zavrsni.tex
(mihanovic_zavrsni.tex
LaTeX2e <2022-11-01> patch level 1
L3 programming layer <2023-03-30>
(C:\Users\imiha.DESKTOP-V5R17OO\AppData\Local\Programs\MiKTeX\tex/latex/base\ar
ticle.cls
Document Class: article 2022/07/02 v1.4n Standard LaTeX document class

(C:\Users\imiha.DESKTOP-V5R17OO\AppData\Local\Programs\MiKTeX\tex/latex/base\si
ze12.clo
File: size12.clo 2022/07/02 v1.4n Standard LaTeX file (size option)
)
\c@part=\count185
\c@section=\count186
\c@subsection=\count187
\c@subsubsection=\count188
\c@paragraph=\count189
\c@subparagraph=\count190
\c@figure=\count191
\c@table=\count192
\abovecaptionskip=\skip48
\belowcaptionskip=\skip49
\bibindent=\dimen140
) (00_preamble.tex
(C:\Users\imiha.DESKTOP-V5R17OO\AppData\Local\Programs\MiKTeX\tex/latex/graphic
s\graphicx.sty
Package: graphicx 2021/09/16 v1.2d Enhanced LaTeX Graphics (DPC,SPQR)

(C:\Users\imiha.DESKTOP-V5R17OO\AppData\Local\Programs\MiKTeX\tex/latex/graphic
s\keyval.sty
Package: keyval 2022/05/29 v1.15 key=value parser (DPC)
\KV@toks@=\toks16
)
(C:\Users\imiha.DESKTOP-V5R17OO\AppData\Local\Programs\MiKTeX\tex/latex/graphic
s\graphics.sty
Package: graphics 2022/03/10 v1.4e Standard LaTeX Graphics (DPC,SPQR)

(C:\Users\imiha.DESKTOP-V5R17OO\AppData\Local\Programs\MiKTeX\tex/latex/graphic
s\trig.sty
Package: trig 2021/08/11 v1.11 sin cos tan (DPC)
)
(C:\Users\imiha.DESKTOP-V5R17OO\AppData\Local\Programs\MiKTeX\tex/latex/graphic
s-cfg\graphics.cfg
File: graphics.cfg 2016/06/04 v1.11 sample graphics configuration
)
Package graphics Info: Driver file: pdftex.def on input line 107.

(C:\Users\imiha.DESKTOP-V5R17OO\AppData\Local\Programs\MiKTeX\tex/latex/graphic
s-def\pdftex.def
File: pdftex.def 2022/09/22 v1.2b Graphics/color driver for pdftex
))
\Gin@req@height=\dimen141
\Gin@req@width=\dimen142
)
(C:\Users\imiha.DESKTOP-V5R17OO\AppData\Local\Programs\MiKTeX\tex/latex/base\in
putenc.sty
Package: inputenc 2021/02/14 v1.3d Input encoding file
\inpenc@prehook=\toks17
\inpenc@posthook=\toks18

(C:\Users\imiha.DESKTOP-V5R17OO\AppData\Local\Programs\MiKTeX\tex/latex/ucs\utf
8x.def
File: utf8x.def 2022/08/07 UCS: Input encoding UTF-8


Package ucs Info: utf8x disabled, assuming standard utf8 processing
(ucs)             load ucs package to force utf8x processing.


(C:\Users\imiha.DESKTOP-V5R17OO\AppData\Local\Programs\MiKTeX\tex/latex/base\ut
f8.def
File: utf8.def 2022/06/07 v1.3c UTF-8 support
Now handling font encoding OML ...
... no UTF-8 mapping file for font encoding OML
Now handling font encoding OMS ...
... processing UTF-8 mapping file for font encoding OMS

(C:\Users\imiha.DESKTOP-V5R17OO\AppData\Local\Programs\MiKTeX\tex/latex/base\om
senc.dfu
File: omsenc.dfu 2022/06/07 v1.3c UTF-8 support
   defining Unicode char U+00A7 (decimal 167)
   defining Unicode char U+00B6 (decimal 182)
   defining Unicode char U+00B7 (decimal 183)
   defining Unicode char U+2020 (decimal 8224)
   defining Unicode char U+2021 (decimal 8225)
   defining Unicode char U+2022 (decimal 8226)
)
Now handling font encoding OT1 ...
... processing UTF-8 mapping file for font encoding OT1

(C:\Users\imiha.DESKTOP-V5R17OO\AppData\Local\Programs\MiKTeX\tex/latex/base\ot
1enc.dfu
File: ot1enc.dfu 2022/06/07 v1.3c UTF-8 support
   defining Unicode char U+00A0 (decimal 160)
   defining Unicode char U+00A1 (decimal 161)
   defining Unicode char U+00A3 (decimal 163)
   defining Unicode char U+00AD (decimal 173)
   defining Unicode char U+00B8 (decimal 184)
   defining Unicode char U+00BF (decimal 191)
   defining Unicode char U+00C5 (decimal 197)
   defining Unicode char U+00C6 (decimal 198)
   defining Unicode char U+00D8 (decimal 216)
   defining Unicode char U+00DF (decimal 223)
   defining Unicode char U+00E6 (decimal 230)
   defining Unicode char U+00EC (decimal 236)
   defining Unicode char U+00ED (decimal 237)
   defining Unicode char U+00EE (decimal 238)
   defining Unicode char U+00EF (decimal 239)
   defining Unicode char U+00F8 (decimal 248)
   defining Unicode char U+0131 (decimal 305)
   defining Unicode char U+0141 (decimal 321)
   defining Unicode char U+0142 (decimal 322)
   defining Unicode char U+0152 (decimal 338)
   defining Unicode char U+0153 (decimal 339)
   defining Unicode char U+0174 (decimal 372)
   defining Unicode char U+0175 (decimal 373)
   defining Unicode char U+0176 (decimal 374)
   defining Unicode char U+0177 (decimal 375)
   defining Unicode char U+0218 (decimal 536)
   defining Unicode char U+0219 (decimal 537)
   defining Unicode char U+021A (decimal 538)
   defining Unicode char U+021B (decimal 539)
   defining Unicode char U+0237 (decimal 567)
   defining Unicode char U+2013 (decimal 8211)
   defining Unicode char U+2014 (decimal 8212)
   defining Unicode char U+2018 (decimal 8216)
   defining Unicode char U+2019 (decimal 8217)
   defining Unicode char U+201C (decimal 8220)
   defining Unicode char U+201D (decimal 8221)
   defining Unicode char U+FB00 (decimal 64256)
   defining Unicode char U+FB01 (decimal 64257)
   defining Unicode char U+FB02 (decimal 64258)
   defining Unicode char U+FB03 (decimal 64259)
   defining Unicode char U+FB04 (decimal 64260)
   defining Unicode char U+FB05 (decimal 64261)
   defining Unicode char U+FB06 (decimal 64262)
)
Now handling font encoding T1 ...
... processing UTF-8 mapping file for font encoding T1

(C:\Users\imiha.DESKTOP-V5R17OO\AppData\Local\Programs\MiKTeX\tex/latex/base\t1
enc.dfu
File: t1enc.dfu 2022/06/07 v1.3c UTF-8 support
   defining Unicode char U+00A0 (decimal 160)
   defining Unicode char U+00A1 (decimal 161)
   defining Unicode char U+00A3 (decimal 163)
   defining Unicode char U+00AB (decimal 171)
   defining Unicode char U+00AD (decimal 173)
   defining Unicode char U+00BB (decimal 187)
   defining Unicode char U+00BF (decimal 191)
   defining Unicode char U+00C0 (decimal 192)
   defining Unicode char U+00C1 (decimal 193)
   defining Unicode char U+00C2 (decimal 194)
   defining Unicode char U+00C3 (decimal 195)
   defining Unicode char U+00C4 (decimal 196)
   defining Unicode char U+00C5 (decimal 197)
   defining Unicode char U+00C6 (decimal 198)
   defining Unicode char U+00C7 (decimal 199)
   defining Unicode char U+00C8 (decimal 200)
   defining Unicode char U+00C9 (decimal 201)
   defining Unicode char U+00CA (decimal 202)
   defining Unicode char U+00CB (decimal 203)
   defining Unicode char U+00CC (decimal 204)
   defining Unicode char U+00CD (decimal 205)
   defining Unicode char U+00CE (decimal 206)
   defining Unicode char U+00CF (decimal 207)
   defining Unicode char U+00D0 (decimal 208)
   defining Unicode char U+00D1 (decimal 209)
   defining Unicode char U+00D2 (decimal 210)
   defining Unicode char U+00D3 (decimal 211)
   defining Unicode char U+00D4 (decimal 212)
   defining Unicode char U+00D5 (decimal 213)
   defining Unicode char U+00D6 (decimal 214)
   defining Unicode char U+00D8 (decimal 216)
   defining Unicode char U+00D9 (decimal 217)
   defining Unicode char U+00DA (decimal 218)
   defining Unicode char U+00DB (decimal 219)
   defining Unicode char U+00DC (decimal 220)
   defining Unicode char U+00DD (decimal 221)
   defining Unicode char U+00DE (decimal 222)
   defining Unicode char U+00DF (decimal 223)
   defining Unicode char U+00E0 (decimal 224)
   defining Unicode char U+00E1 (decimal 225)
   defining Unicode char U+00E2 (decimal 226)
   defining Unicode char U+00E3 (decimal 227)
   defining Unicode char U+00E4 (decimal 228)
   defining Unicode char U+00E5 (decimal 229)
   defining Unicode char U+00E6 (decimal 230)
   defining Unicode char U+00E7 (decimal 231)
   defining Unicode char U+00E8 (decimal 232)
   defining Unicode char U+00E9 (decimal 233)
   defining Unicode char U+00EA (decimal 234)
   defining Unicode char U+00EB (decimal 235)
   defining Unicode char U+00EC (decimal 236)
   defining Unicode char U+00ED (decimal 237)
   defining Unicode char U+00EE (decimal 238)
   defining Unicode char U+00EF (decimal 239)
   defining Unicode char U+00F0 (decimal 240)
   defining Unicode char U+00F1 (decimal 241)
   defining Unicode char U+00F2 (decimal 242)
   defining Unicode char U+00F3 (decimal 243)
   defining Unicode char U+00F4 (decimal 244)
   defining Unicode char U+00F5 (decimal 245)
   defining Unicode char U+00F6 (decimal 246)
   defining Unicode char U+00F8 (decimal 248)
   defining Unicode char U+00F9 (decimal 249)
   defining Unicode char U+00FA (decimal 250)
   defining Unicode char U+00FB (decimal 251)
   defining Unicode char U+00FC (decimal 252)
   defining Unicode char U+00FD (decimal 253)
   defining Unicode char U+00FE (decimal 254)
   defining Unicode char U+00FF (decimal 255)
   defining Unicode char U+0100 (decimal 256)
   defining Unicode char U+0101 (decimal 257)
   defining Unicode char U+0102 (decimal 258)
   defining Unicode char U+0103 (decimal 259)
   defining Unicode char U+0104 (decimal 260)
   defining Unicode char U+0105 (decimal 261)
   defining Unicode char U+0106 (decimal 262)
   defining Unicode char U+0107 (decimal 263)
   defining Unicode char U+0108 (decimal 264)
   defining Unicode char U+0109 (decimal 265)
   defining Unicode char U+010A (decimal 266)
   defining Unicode char U+010B (decimal 267)
   defining Unicode char U+010C (decimal 268)
   defining Unicode char U+010D (decimal 269)
   defining Unicode char U+010E (decimal 270)
   defining Unicode char U+010F (decimal 271)
   defining Unicode char U+0110 (decimal 272)
   defining Unicode char U+0111 (decimal 273)
   defining Unicode char U+0112 (decimal 274)
   defining Unicode char U+0113 (decimal 275)
   defining Unicode char U+0114 (decimal 276)
   defining Unicode char U+0115 (decimal 277)
   defining Unicode char U+0116 (decimal 278)
   defining Unicode char U+0117 (decimal 279)
   defining Unicode char U+0118 (decimal 280)
   defining Unicode char U+0119 (decimal 281)
   defining Unicode char U+011A (decimal 282)
   defining Unicode char U+011B (decimal 283)
   defining Unicode char U+011C (decimal 284)
   defining Unicode char U+011D (decimal 285)
   defining Unicode char U+011E (decimal 286)
   defining Unicode char U+011F (decimal 287)
   defining Unicode char U+0120 (decimal 288)
   defining Unicode char U+0121 (decimal 289)
   defining Unicode char U+0122 (decimal 290)
   defining Unicode char U+0123 (decimal 291)
   defining Unicode char U+0124 (decimal 292)
   defining Unicode char U+0125 (decimal 293)
   defining Unicode char U+0128 (decimal 296)
   defining Unicode char U+0129 (decimal 297)
   defining Unicode char U+012A (decimal 298)
   defining Unicode char U+012B (decimal 299)
   defining Unicode char U+012C (decimal 300)
   defining Unicode char U+012D (decimal 301)
   defining Unicode char U+012E (decimal 302)
   defining Unicode char U+012F (decimal 303)
   defining Unicode char U+0130 (decimal 304)
   defining Unicode char U+0131 (decimal 305)
   defining Unicode char U+0132 (decimal 306)
   defining Unicode char U+0133 (decimal 307)
   defining Unicode char U+0134 (decimal 308)
   defining Unicode char U+0135 (decimal 309)
   defining Unicode char U+0136 (decimal 310)
   defining Unicode char U+0137 (decimal 311)
   defining Unicode char U+0139 (decimal 313)
   defining Unicode char U+013A (decimal 314)
   defining Unicode char U+013B (decimal 315)
   defining Unicode char U+013C (decimal 316)
   defining Unicode char U+013D (decimal 317)
   defining Unicode char U+013E (decimal 318)
   defining Unicode char U+0141 (decimal 321)
   defining Unicode char U+0142 (decimal 322)
   defining Unicode char U+0143 (decimal 323)
   defining Unicode char U+0144 (decimal 324)
   defining Unicode char U+0145 (decimal 325)
   defining Unicode char U+0146 (decimal 326)
   defining Unicode char U+0147 (decimal 327)
   defining Unicode char U+0148 (decimal 328)
   defining Unicode char U+014A (decimal 330)
   defining Unicode char U+014B (decimal 331)
   defining Unicode char U+014C (decimal 332)
   defining Unicode char U+014D (decimal 333)
   defining Unicode char U+014E (decimal 334)
   defining Unicode char U+014F (decimal 335)
   defining Unicode char U+0150 (decimal 336)
   defining Unicode char U+0151 (decimal 337)
   defining Unicode char U+0152 (decimal 338)
   defining Unicode char U+0153 (decimal 339)
   defining Unicode char U+0154 (decimal 340)
   defining Unicode char U+0155 (decimal 341)
   defining Unicode char U+0156 (decimal 342)
   defining Unicode char U+0157 (decimal 343)
   defining Unicode char U+0158 (decimal 344)
   defining Unicode char U+0159 (decimal 345)
   defining Unicode char U+015A (decimal 346)
   defining Unicode char U+015B (decimal 347)
   defining Unicode char U+015C (decimal 348)
   defining Unicode char U+015D (decimal 349)
   defining Unicode char U+015E (decimal 350)
   defining Unicode char U+015F (decimal 351)
   defining Unicode char U+0160 (decimal 352)
   defining Unicode char U+0161 (decimal 353)
   defining Unicode char U+0162 (decimal 354)
   defining Unicode char U+0163 (decimal 355)
   defining Unicode char U+0164 (decimal 356)
   defining Unicode char U+0165 (decimal 357)
   defining Unicode char U+0168 (decimal 360)
   defining Unicode char U+0169 (decimal 361)
   defining Unicode char U+016A (decimal 362)
   defining Unicode char U+016B (decimal 363)
   defining Unicode char U+016C (decimal 364)
   defining Unicode char U+016D (decimal 365)
   defining Unicode char U+016E (decimal 366)
   defining Unicode char U+016F (decimal 367)
   defining Unicode char U+0170 (decimal 368)
   defining Unicode char U+0171 (decimal 369)
   defining Unicode char U+0172 (decimal 370)
   defining Unicode char U+0173 (decimal 371)
   defining Unicode char U+0174 (decimal 372)
   defining Unicode char U+0175 (decimal 373)
   defining Unicode char U+0176 (decimal 374)
   defining Unicode char U+0177 (decimal 375)
   defining Unicode char U+0178 (decimal 376)
   defining Unicode char U+0179 (decimal 377)
   defining Unicode char U+017A (decimal 378)
   defining Unicode char U+017B (decimal 379)
   defining Unicode char U+017C (decimal 380)
   defining Unicode char U+017D (decimal 381)
   defining Unicode char U+017E (decimal 382)
   defining Unicode char U+01C4 (decimal 452)
   defining Unicode char U+01C5 (decimal 453)
   defining Unicode char U+01C6 (decimal 454)
   defining Unicode char U+01C7 (decimal 455)
   defining Unicode char U+01C8 (decimal 456)
   defining Unicode char U+01C9 (decimal 457)
   defining Unicode char U+01CA (decimal 458)
   defining Unicode char U+01CB (decimal 459)
   defining Unicode char U+01CC (decimal 460)
   defining Unicode char U+01CD (decimal 461)
   defining Unicode char U+01CE (decimal 462)
   defining Unicode char U+01CF (decimal 463)
   defining Unicode char U+01D0 (decimal 464)
   defining Unicode char U+01D1 (decimal 465)
   defining Unicode char U+01D2 (decimal 466)
   defining Unicode char U+01D3 (decimal 467)
   defining Unicode char U+01D4 (decimal 468)
   defining Unicode char U+01E2 (decimal 482)
   defining Unicode char U+01E3 (decimal 483)
   defining Unicode char U+01E6 (decimal 486)
   defining Unicode char U+01E7 (decimal 487)
   defining Unicode char U+01E8 (decimal 488)
   defining Unicode char U+01E9 (decimal 489)
   defining Unicode char U+01EA (decimal 490)
   defining Unicode char U+01EB (decimal 491)
   defining Unicode char U+01F0 (decimal 496)
   defining Unicode char U+01F4 (decimal 500)
   defining Unicode char U+01F5 (decimal 501)
   defining Unicode char U+0218 (decimal 536)
   defining Unicode char U+0219 (decimal 537)
   defining Unicode char U+021A (decimal 538)
   defining Unicode char U+021B (decimal 539)
   defining Unicode char U+0232 (decimal 562)
   defining Unicode char U+0233 (decimal 563)
   defining Unicode char U+0237 (decimal 567)
   defining Unicode char U+02D9 (decimal 729)
   defining Unicode char U+02DB (decimal 731)
   defining Unicode char U+1E02 (decimal 7682)
   defining Unicode char U+1E03 (decimal 7683)
   defining Unicode char U+1E0D (decimal 7693)
   defining Unicode char U+1E1E (decimal 7710)
   defining Unicode char U+1E1F (decimal 7711)
   defining Unicode char U+1E25 (decimal 7717)
   defining Unicode char U+1E30 (decimal 7728)
   defining Unicode char U+1E31 (decimal 7729)
   defining Unicode char U+1E37 (decimal 7735)
   defining Unicode char U+1E8E (decimal 7822)
   defining Unicode char U+1E8F (decimal 7823)
   defining Unicode char U+1E43 (decimal 7747)
   defining Unicode char U+1E45 (decimal 7749)
   defining Unicode char U+1E47 (decimal 7751)
   defining Unicode char U+1E5B (decimal 7771)
   defining Unicode char U+1E63 (decimal 7779)
   defining Unicode char U+1E6D (decimal 7789)
   defining Unicode char U+1E90 (decimal 7824)
   defining Unicode char U+1E91 (decimal 7825)
   defining Unicode char U+1E9E (decimal 7838)
   defining Unicode char U+1EF2 (decimal 7922)
   defining Unicode char U+1EF3 (decimal 7923)
   defining Unicode char U+200C (decimal 8204)
   defining Unicode char U+2010 (decimal 8208)
   defining Unicode char U+2011 (decimal 8209)
   defining Unicode char U+2012 (decimal 8210)
   defining Unicode char U+2013 (decimal 8211)
   defining Unicode char U+2014 (decimal 8212)
   defining Unicode char U+2015 (decimal 8213)
   defining Unicode char U+2018 (decimal 8216)
   defining Unicode char U+2019 (decimal 8217)
   defining Unicode char U+201A (decimal 8218)
   defining Unicode char U+201C (decimal 8220)
   defining Unicode char U+201D (decimal 8221)
   defining Unicode char U+201E (decimal 8222)
   defining Unicode char U+2030 (decimal 8240)
   defining Unicode char U+2031 (decimal 8241)
   defining Unicode char U+2039 (decimal 8249)
   defining Unicode char U+203A (decimal 8250)
   defining Unicode char U+2423 (decimal 9251)
   defining Unicode char U+1E20 (decimal 7712)
   defining Unicode char U+1E21 (decimal 7713)
   defining Unicode char U+FB00 (decimal 64256)
   defining Unicode char U+FB01 (decimal 64257)
   defining Unicode char U+FB02 (decimal 64258)
   defining Unicode char U+FB03 (decimal 64259)
   defining Unicode char U+FB04 (decimal 64260)
   defining Unicode char U+FB05 (decimal 64261)
   defining Unicode char U+FB06 (decimal 64262)
)
Now handling font encoding TS1 ...
... processing UTF-8 mapping file for font encoding TS1

(C:\Users\imiha.DESKTOP-V5R17OO\AppData\Local\Programs\MiKTeX\tex/latex/base\ts
1enc.dfu
File: ts1enc.dfu 2022/06/07 v1.3c UTF-8 support
   defining Unicode char U+00A2 (decimal 162)
   defining Unicode char U+00A3 (decimal 163)
   defining Unicode char U+00A4 (decimal 164)
   defining Unicode char U+00A5 (decimal 165)
   defining Unicode char U+00A6 (decimal 166)
   defining Unicode char U+00A7 (decimal 167)
   defining Unicode char U+00A8 (decimal 168)
   defining Unicode char U+00A9 (decimal 169)
   defining Unicode char U+00AA (decimal 170)
   defining Unicode char U+00AC (decimal 172)
   defining Unicode char U+00AE (decimal 174)
   defining Unicode char U+00AF (decimal 175)
   defining Unicode char U+00B0 (decimal 176)
   defining Unicode char U+00B1 (decimal 177)
   defining Unicode char U+00B2 (decimal 178)
   defining Unicode char U+00B3 (decimal 179)
   defining Unicode char U+00B4 (decimal 180)
   defining Unicode char U+00B5 (decimal 181)
   defining Unicode char U+00B6 (decimal 182)
   defining Unicode char U+00B7 (decimal 183)
   defining Unicode char U+00B9 (decimal 185)
   defining Unicode char U+00BA (decimal 186)
   defining Unicode char U+00BC (decimal 188)
   defining Unicode char U+00BD (decimal 189)
   defining Unicode char U+00BE (decimal 190)
   defining Unicode char U+00D7 (decimal 215)
   defining Unicode char U+00F7 (decimal 247)
   defining Unicode char U+0192 (decimal 402)
   defining Unicode char U+02C7 (decimal 711)
   defining Unicode char U+02D8 (decimal 728)
   defining Unicode char U+02DD (decimal 733)
   defining Unicode char U+0E3F (decimal 3647)
   defining Unicode char U+2016 (decimal 8214)
   defining Unicode char U+2020 (decimal 8224)
   defining Unicode char U+2021 (decimal 8225)
   defining Unicode char U+2022 (decimal 8226)
   defining Unicode char U+2030 (decimal 8240)
   defining Unicode char U+2031 (decimal 8241)
   defining Unicode char U+203B (decimal 8251)
   defining Unicode char U+203D (decimal 8253)
   defining Unicode char U+2044 (decimal 8260)
   defining Unicode char U+204E (decimal 8270)
   defining Unicode char U+2052 (decimal 8274)
   defining Unicode char U+20A1 (decimal 8353)
   defining Unicode char U+20A4 (decimal 8356)
   defining Unicode char U+20A6 (decimal 8358)
   defining Unicode char U+20A9 (decimal 8361)
   defining Unicode char U+20AB (decimal 8363)
   defining Unicode char U+20AC (decimal 8364)
   defining Unicode char U+20B1 (decimal 8369)
   defining Unicode char U+2103 (decimal 8451)
   defining Unicode char U+2116 (decimal 8470)
   defining Unicode char U+2117 (decimal 8471)
   defining Unicode char U+211E (decimal 8478)
   defining Unicode char U+2120 (decimal 8480)
   defining Unicode char U+2122 (decimal 8482)
   defining Unicode char U+2126 (decimal 8486)
   defining Unicode char U+2127 (decimal 8487)
   defining Unicode char U+212E (decimal 8494)
   defining Unicode char U+2190 (decimal 8592)
   defining Unicode char U+2191 (decimal 8593)
   defining Unicode char U+2192 (decimal 8594)
   defining Unicode char U+2193 (decimal 8595)
   defining Unicode char U+2329 (decimal 9001)
   defining Unicode char U+3008 (decimal 12296)
   defining Unicode char U+232A (decimal 9002)
   defining Unicode char U+3009 (decimal 12297)
   defining Unicode char U+2422 (decimal 9250)
   defining Unicode char U+25E6 (decimal 9702)
   defining Unicode char U+25EF (decimal 9711)
   defining Unicode char U+266A (decimal 9834)
   defining Unicode char U+27E8 (decimal 10216)
   defining Unicode char U+27E9 (decimal 10217)
   defining Unicode char U+FEFF (decimal 65279)
)
Now handling font encoding OMX ...
... no UTF-8 mapping file for font encoding OMX
Now handling font encoding U ...
... no UTF-8 mapping file for font encoding U
   defining Unicode char U+00A9 (decimal 169)
   defining Unicode char U+00AA (decimal 170)
   defining Unicode char U+00AE (decimal 174)
   defining Unicode char U+00BA (decimal 186)
   defining Unicode char U+02C6 (decimal 710)
   defining Unicode char U+02DC (decimal 732)
   defining Unicode char U+200C (decimal 8204)
   defining Unicode char U+2026 (decimal 8230)
   defining Unicode char U+2122 (decimal 8482)
   defining Unicode char U+2423 (decimal 9251)
   defining Unicode char U+FEFF (decimal 65279)
)))
(C:\Users\imiha.DESKTOP-V5R17OO\AppData\Local\Programs\MiKTeX\tex/generic/babel
\babel.sty
Package: babel 2023/03/28 3.87 The Babel package
\babel@savecnt=\count193
\U@D=\dimen143
\l@unhyphenated=\language79

(C:\Users\imiha.DESKTOP-V5R17OO\AppData\Local\Programs\MiKTeX\tex/generic/babel
\txtbabel.def)
\bbl@readstream=\read2
\bbl@dirlevel=\count194

*************************************
* Local config file bblopts.cfg used
*

(C:\Users\imiha.DESKTOP-V5R17OO\AppData\Local\Programs\MiKTeX\tex/latex/arabi\b
blopts.cfg
File: bblopts.cfg 2005/09/08 v0.1 add Arabic and Farsi to "declared" options of
 babel
)
(C:\Users\imiha.DESKTOP-V5R17OO\AppData\Local\Programs\MiKTeX\tex/latex/babel-c
roatian\croatian.ldf
Language: croatian 2014/03/31 v1.3m Croatian support from the babel system
)
(C:\Users\imiha.DESKTOP-V5R17OO\AppData\Local\Programs\MiKTeX\tex/latex/babel-e
nglish\english.ldf
Language: english 2017/06/06 v3.3r English support from the babel system
Package babel Info: Hyphen rules for 'canadian' set to \l@english
(babel)             (\language0). Reported on input line 102.
Package babel Info: Hyphen rules for 'australian' set to \l@ukenglish
(babel)             (\language73). Reported on input line 105.
Package babel Info: Hyphen rules for 'newzealand' set to \l@ukenglish
(babel)             (\language73). Reported on input line 108.
))
(C:\Users\imiha.DESKTOP-V5R17OO\AppData\Local\Programs\MiKTeX\tex/generic/babel
/locale/en\babel-english.tex
Package babel Info: Importing font and identification data for english
(babel)             from babel-en.ini. Reported on input line 11.
)
(C:\Users\imiha.DESKTOP-V5R17OO\AppData\Local\Programs\MiKTeX\tex/generic/babel
/locale/hr\babel-croatian.tex
Package babel Info: Importing font and identification data for croatian
(babel)             from babel-hr.ini. Reported on input line 11.
)
(C:\Users\imiha.DESKTOP-V5R17OO\AppData\Local\Programs\MiKTeX\tex/latex/base\fo
ntenc.sty
Package: fontenc 2021/04/29 v2.0v Standard LaTeX package
)
(C:\Users\imiha.DESKTOP-V5R17OO\AppData\Local\Programs\MiKTeX\tex/latex/sectsty
\sectsty.sty
Package: sectsty 2002/02/25 v2.0.2 Commands to change all sectional heading sty
les


LaTeX Warning: Command \underbar  has changed.
               Check if current package is valid.


LaTeX Warning: Command \underline  has changed.
               Check if current package is valid.

)
(C:\Users\imiha.DESKTOP-V5R17OO\AppData\Local\Programs\MiKTeX\tex/latex/fancyhd
r\fancyhdr.sty
Package: fancyhdr 2022/11/09 v4.1 Extensive control of page headers and footers

\f@nch@headwidth=\skip50
\f@nch@O@elh=\skip51
\f@nch@O@erh=\skip52
\f@nch@O@olh=\skip53
\f@nch@O@orh=\skip54
\f@nch@O@elf=\skip55
\f@nch@O@erf=\skip56
\f@nch@O@olf=\skip57
\f@nch@O@orf=\skip58
)
(C:\Users\imiha.DESKTOP-V5R17OO\AppData\Local\Programs\MiKTeX\tex/latex/psnfss\
times.sty
Package: times 2020/03/25 PSNFSS-v9.3 (SPQR) 
)
(C:\Users\imiha.DESKTOP-V5R17OO\AppData\Local\Programs\MiKTeX\tex/latex/cite\ci
te.sty
LaTeX Info: Redefining \cite on input line 302.
LaTeX Info: Redefining \nocite on input line 332.
Package: cite 2015/02/27  v 5.5
)
(C:\Users\imiha.DESKTOP-V5R17OO\AppData\Local\Programs\MiKTeX\tex/latex/geometr
y\geometry.sty
Package: geometry 2020/01/02 v5.9 Page Geometry

(C:\Users\imiha.DESKTOP-V5R17OO\AppData\Local\Programs\MiKTeX\tex/generic/iftex
\ifvtex.sty
Package: ifvtex 2019/10/25 v1.7 ifvtex legacy package. Use iftex instead.

(C:\Users\imiha.DESKTOP-V5R17OO\AppData\Local\Programs\MiKTeX\tex/generic/iftex
\iftex.sty
Package: iftex 2022/02/03 v1.0f TeX engine tests
))
\Gm@cnth=\count195
\Gm@cntv=\count196
\c@Gm@tempcnt=\count197
\Gm@bindingoffset=\dimen144
\Gm@wd@mp=\dimen145
\Gm@odd@mp=\dimen146
\Gm@even@mp=\dimen147
\Gm@layoutwidth=\dimen148
\Gm@layoutheight=\dimen149
\Gm@layouthoffset=\dimen150
\Gm@layoutvoffset=\dimen151
\Gm@dimlist=\toks19

(C:\Users\imiha.DESKTOP-V5R17OO\AppData\Local\Programs\MiKTeX\tex/latex/geometr
y\geometry.cfg))
(C:\Users\imiha.DESKTOP-V5R17OO\AppData\Local\Programs\MiKTeX\tex/latex/setspac
e\setspace.sty
Package: setspace 2022/12/04 v6.7b set line spacing
)
(C:\Users\imiha.DESKTOP-V5R17OO\AppData\Local\Programs\MiKTeX\tex/latex/secdot\
secdot.sty
Package: secdot 2000/06/20 v1.0 section numbers with dots
)
(C:\Users\imiha.DESKTOP-V5R17OO\AppData\Local\Programs\MiKTeX\tex/latex/appendi
x\appendix.sty
Package: appendix 2020/02/08 v1.2c extra appendix facilities
\c@@pps=\count198
\c@@ppsavesec=\count199
\c@@ppsaveapp=\count266
)
(C:\Users\imiha.DESKTOP-V5R17OO\AppData\Local\Programs\MiKTeX\tex/latex/pdfpage
s\pdfpages.sty
Package: pdfpages 2022/12/19 v0.5x Insert pages of external PDF documents (AM)

(C:\Users\imiha.DESKTOP-V5R17OO\AppData\Local\Programs\MiKTeX\tex/latex/base\if
then.sty
Package: ifthen 2022/04/13 v1.1d Standard LaTeX ifthen package (DPC)
)
(C:\Users\imiha.DESKTOP-V5R17OO\AppData\Local\Programs\MiKTeX\tex/latex/tools\c
alc.sty
Package: calc 2017/05/25 v4.3 Infix arithmetic (KKT,FJ)
\calc@Acount=\count267
\calc@Bcount=\count268
\calc@Adimen=\dimen152
\calc@Bdimen=\dimen153
\calc@Askip=\skip59
\calc@Bskip=\skip60
LaTeX Info: Redefining \setlength on input line 80.
LaTeX Info: Redefining \addtolength on input line 81.
\calc@Ccount=\count269
\calc@Cskip=\skip61
)
(C:\Users\imiha.DESKTOP-V5R17OO\AppData\Local\Programs\MiKTeX\tex/latex/eso-pic
\eso-pic.sty
Package: eso-pic 2023/05/03 v3.0c eso-pic (RN)
\ESO@tempdima=\dimen154
\ESO@tempdimb=\dimen155

(C:\Users\imiha.DESKTOP-V5R17OO\AppData\Local\Programs\MiKTeX\tex/latex/xcolor\
xcolor.sty
Package: xcolor 2022/06/12 v2.14 LaTeX color extensions (UK)

(C:\Users\imiha.DESKTOP-V5R17OO\AppData\Local\Programs\MiKTeX\tex/latex/graphic
s-cfg\color.cfg
File: color.cfg 2016/01/02 v1.6 sample color configuration
)
Package xcolor Info: Driver file: pdftex.def on input line 227.

(C:\Users\imiha.DESKTOP-V5R17OO\AppData\Local\Programs\MiKTeX\tex/latex/graphic
s\mathcolor.ltx)
Package xcolor Info: Model `cmy' substituted by `cmy0' on input line 1353.
Package xcolor Info: Model `hsb' substituted by `rgb' on input line 1357.
Package xcolor Info: Model `RGB' extended on input line 1369.
Package xcolor Info: Model `HTML' substituted by `rgb' on input line 1371.
Package xcolor Info: Model `Hsb' substituted by `hsb' on input line 1372.
Package xcolor Info: Model `tHsb' substituted by `hsb' on input line 1373.
Package xcolor Info: Model `HSB' substituted by `hsb' on input line 1374.
Package xcolor Info: Model `Gray' substituted by `gray' on input line 1375.
Package xcolor Info: Model `wave' substituted by `hsb' on input line 1376.
))
\AM@pagewidth=\dimen156
\AM@pageheight=\dimen157
\AM@fboxrule=\dimen158

(C:\Users\imiha.DESKTOP-V5R17OO\AppData\Local\Programs\MiKTeX\tex/latex/pdfpage
s\pppdftex.def
File: pppdftex.def 2022/12/19 v0.5x Pdfpages driver for pdfTeX (AM)
)
\pdfpages@includegraphics@status=\count270
\AM@pagebox=\box51
\AM@global@opts=\toks20
\AM@pagecnt=\count271
\AM@toc@title=\toks21
\AM@lof@heading=\toks22
\c@AM@survey=\count272
\AM@templatesizebox=\box52
)
(C:\Users\imiha.DESKTOP-V5R17OO\AppData\Local\Programs\MiKTeX\tex/latex/url\url
.sty
\Urlmuskip=\muskip16
Package: url 2013/09/16  ver 3.4  Verb mode for urls, etc.
)
(C:\Users\imiha.DESKTOP-V5R17OO\AppData\Local\Programs\MiKTeX\tex/latex/hyperre
f\hyperref.sty
Package: hyperref 2023-02-07 v7.00v Hypertext links for LaTeX

(C:\Users\imiha.DESKTOP-V5R17OO\AppData\Local\Programs\MiKTeX\tex/generic/ltxcm
ds\ltxcmds.sty
Package: ltxcmds 2020-05-10 v1.25 LaTeX kernel commands for general use (HO)
)
(C:\Users\imiha.DESKTOP-V5R17OO\AppData\Local\Programs\MiKTeX\tex/generic/pdfte
xcmds\pdftexcmds.sty
Package: pdftexcmds 2020-06-27 v0.33 Utility functions of pdfTeX for LuaTeX (HO
)

(C:\Users\imiha.DESKTOP-V5R17OO\AppData\Local\Programs\MiKTeX\tex/generic/infwa
rerr\infwarerr.sty
Package: infwarerr 2019/12/03 v1.5 Providing info/warning/error messages (HO)
)
Package pdftexcmds Info: \pdf@primitive is available.
Package pdftexcmds Info: \pdf@ifprimitive is available.
Package pdftexcmds Info: \pdfdraftmode found.
)
(C:\Users\imiha.DESKTOP-V5R17OO\AppData\Local\Programs\MiKTeX\tex/latex/kvsetke
ys\kvsetkeys.sty
Package: kvsetkeys 2022-10-05 v1.19 Key value parser (HO)
)
(C:\Users\imiha.DESKTOP-V5R17OO\AppData\Local\Programs\MiKTeX\tex/generic/kvdef
inekeys\kvdefinekeys.sty
Package: kvdefinekeys 2019-12-19 v1.6 Define keys (HO)
)
(C:\Users\imiha.DESKTOP-V5R17OO\AppData\Local\Programs\MiKTeX\tex/generic/pdfes
cape\pdfescape.sty
Package: pdfescape 2019/12/09 v1.15 Implements pdfTeX's escape features (HO)
)
(C:\Users\imiha.DESKTOP-V5R17OO\AppData\Local\Programs\MiKTeX\tex/latex/hycolor
\hycolor.sty
Package: hycolor 2020-01-27 v1.10 Color options for hyperref/bookmark (HO)
)
(C:\Users\imiha.DESKTOP-V5R17OO\AppData\Local\Programs\MiKTeX\tex/latex/letltxm
acro\letltxmacro.sty
Package: letltxmacro 2019/12/03 v1.6 Let assignment for LaTeX macros (HO)
)
(C:\Users\imiha.DESKTOP-V5R17OO\AppData\Local\Programs\MiKTeX\tex/latex/auxhook
\auxhook.sty
Package: auxhook 2019-12-17 v1.6 Hooks for auxiliary files (HO)
)
(C:\Users\imiha.DESKTOP-V5R17OO\AppData\Local\Programs\MiKTeX\tex/latex/hyperre
f\nameref.sty
Package: nameref 2022-05-17 v2.50 Cross-referencing by name of section

(C:\Users\imiha.DESKTOP-V5R17OO\AppData\Local\Programs\MiKTeX\tex/latex/refcoun
t\refcount.sty
Package: refcount 2019/12/15 v3.6 Data extraction from label references (HO)
)
(C:\Users\imiha.DESKTOP-V5R17OO\AppData\Local\Programs\MiKTeX\tex/generic/getti
tlestring\gettitlestring.sty
Package: gettitlestring 2019/12/15 v1.6 Cleanup title references (HO)

(C:\Users\imiha.DESKTOP-V5R17OO\AppData\Local\Programs\MiKTeX\tex/latex/kvoptio
ns\kvoptions.sty
Package: kvoptions 2022-06-15 v3.15 Key value format for package options (HO)
))
\c@section@level=\count273
)
\@linkdim=\dimen159
\Hy@linkcounter=\count274
\Hy@pagecounter=\count275

(C:\Users\imiha.DESKTOP-V5R17OO\AppData\Local\Programs\MiKTeX\tex/latex/hyperre
f\pd1enc.def
File: pd1enc.def 2023-02-07 v7.00v Hyperref: PDFDocEncoding definition (HO)
Now handling font encoding PD1 ...
... no UTF-8 mapping file for font encoding PD1
)
(C:\Users\imiha.DESKTOP-V5R17OO\AppData\Local\Programs\MiKTeX\tex/generic/intca
lc\intcalc.sty
Package: intcalc 2019/12/15 v1.3 Expandable calculations with integers (HO)
)
(C:\Users\imiha.DESKTOP-V5R17OO\AppData\Local\Programs\MiKTeX\tex/generic/etexc
mds\etexcmds.sty
Package: etexcmds 2019/12/15 v1.7 Avoid name clashes with e-TeX commands (HO)
)
\Hy@SavedSpaceFactor=\count276

(C:\Users\imiha.DESKTOP-V5R17OO\AppData\Local\Programs\MiKTeX\tex/latex/hyperre
f\puenc.def
File: puenc.def 2023-02-07 v7.00v Hyperref: PDF Unicode definition (HO)
Now handling font encoding PU ...
... no UTF-8 mapping file for font encoding PU
)
Package hyperref Info: Hyper figures OFF on input line 4177.
Package hyperref Info: Link nesting OFF on input line 4182.
Package hyperref Info: Hyper index ON on input line 4185.
Package hyperref Info: Plain pages OFF on input line 4192.
Package hyperref Info: Backreferencing OFF on input line 4197.
Package hyperref Info: Implicit mode ON; LaTeX internals redefined.
Package hyperref Info: Bookmarks ON on input line 4425.
\c@Hy@tempcnt=\count277
LaTeX Info: Redefining \url on input line 4763.
\XeTeXLinkMargin=\dimen160

(C:\Users\imiha.DESKTOP-V5R17OO\AppData\Local\Programs\MiKTeX\tex/generic/bitse
t\bitset.sty
Package: bitset 2019/12/09 v1.3 Handle bit-vector datatype (HO)

(C:\Users\imiha.DESKTOP-V5R17OO\AppData\Local\Programs\MiKTeX\tex/generic/bigin
tcalc\bigintcalc.sty
Package: bigintcalc 2019/12/15 v1.5 Expandable calculations on big integers (HO
)
))
\Fld@menulength=\count278
\Field@Width=\dimen161
\Fld@charsize=\dimen162
Package hyperref Info: Hyper figures OFF on input line 6042.
Package hyperref Info: Link nesting OFF on input line 6047.
Package hyperref Info: Hyper index ON on input line 6050.
Package hyperref Info: backreferencing OFF on input line 6057.
Package hyperref Info: Link coloring OFF on input line 6062.
Package hyperref Info: Link coloring with OCG OFF on input line 6067.
Package hyperref Info: PDF/A mode OFF on input line 6072.

(C:\Users\imiha.DESKTOP-V5R17OO\AppData\Local\Programs\MiKTeX\tex/latex/base\at
begshi-ltx.sty
Package: atbegshi-ltx 2021/01/10 v1.0c Emulation of the original atbegshi
package with kernel methods
)
\Hy@abspage=\count279
\c@Item=\count280
\c@Hfootnote=\count281
)
Package hyperref Info: Driver (autodetected): hpdftex.

(C:\Users\imiha.DESKTOP-V5R17OO\AppData\Local\Programs\MiKTeX\tex/latex/hyperre
f\hpdftex.def
File: hpdftex.def 2023-02-07 v7.00v Hyperref driver for pdfTeX

(C:\Users\imiha.DESKTOP-V5R17OO\AppData\Local\Programs\MiKTeX\tex/latex/base\at
veryend-ltx.sty
Package: atveryend-ltx 2020/08/19 v1.0a Emulation of the original atveryend pac
kage
with kernel methods
)
\Fld@listcount=\count282
\c@bookmark@seq@number=\count283

(C:\Users\imiha.DESKTOP-V5R17OO\AppData\Local\Programs\MiKTeX\tex/latex/rerunfi
lecheck\rerunfilecheck.sty
Package: rerunfilecheck 2022-07-10 v1.10 Rerun checks for auxiliary files (HO)

(C:\Users\imiha.DESKTOP-V5R17OO\AppData\Local\Programs\MiKTeX\tex/generic/uniqu
ecounter\uniquecounter.sty
Package: uniquecounter 2019/12/15 v1.4 Provide unlimited unique counter (HO)
)
Package uniquecounter Info: New unique counter `rerunfilecheck' on input line 2
85.
)
\Hy@SectionHShift=\skip62
)
(C:\Users\imiha.DESKTOP-V5R17OO\AppData\Local\Programs\MiKTeX\tex/latex/tools\l
ongtable.sty
Package: longtable 2021-09-01 v4.17 Multi-page Table package (DPC)
\LTleft=\skip63
\LTright=\skip64
\LTpre=\skip65
\LTpost=\skip66
\LTchunksize=\count284
\LTcapwidth=\dimen163
\LT@head=\box53
\LT@firsthead=\box54
\LT@foot=\box55
\LT@lastfoot=\box56
\LT@gbox=\box57
\LT@cols=\count285
\LT@rows=\count286
\c@LT@tables=\count287
\c@LT@chunks=\count288
\LT@p@ftn=\toks23
)
(C:\Users\imiha.DESKTOP-V5R17OO\AppData\Local\Programs\MiKTeX\tex/latex/caption
\caption.sty
Package: caption 2023/03/12 v3.6j Customizing captions (AR)

(C:\Users\imiha.DESKTOP-V5R17OO\AppData\Local\Programs\MiKTeX\tex/latex/caption
\caption3.sty
Package: caption3 2023/03/12 v2.4 caption3 kernel (AR)
\caption@tempdima=\dimen164
\captionmargin=\dimen165
\caption@leftmargin=\dimen166
\caption@rightmargin=\dimen167
\caption@width=\dimen168
\caption@indent=\dimen169
\caption@parindent=\dimen170
\caption@hangindent=\dimen171
Package caption Info: Standard document class detected.
)
\c@caption@flags=\count289
\c@continuedfloat=\count290
Package caption Info: hyperref package is loaded.
Package caption Info: longtable package is loaded.

(C:\Users\imiha.DESKTOP-V5R17OO\AppData\Local\Programs\MiKTeX\tex/latex/caption
\ltcaption.sty
Package: ltcaption 2021/01/08 v1.4c longtable captions (AR)
))
(C:\Users\imiha.DESKTOP-V5R17OO\AppData\Local\Programs\MiKTeX\tex/latex/tools\v
erbatim.sty
Package: verbatim 2022-07-02 v1.5u LaTeX2e package for verbatim enhancements
\every@verbatim=\toks24
\verbatim@line=\toks25
\verbatim@in@stream=\read3
)
(C:\Users\imiha.DESKTOP-V5R17OO\AppData\Local\Programs\MiKTeX\tex/latex/subfig\
subfig.sty
Package: subfig 2005/06/28 ver: 1.3 subfig package
\c@KVtest=\count291
\sf@farskip=\skip67
\sf@captopadj=\dimen172
\sf@capskip=\skip68
\sf@nearskip=\skip69
\c@subfigure=\count292
\c@subfigure@save=\count293
\c@lofdepth=\count294
\c@subtable=\count295
\c@subtable@save=\count296
\c@lotdepth=\count297
\sf@top=\skip70
\sf@bottom=\skip71
)
(C:\Users\imiha.DESKTOP-V5R17OO\AppData\Local\Programs\MiKTeX\tex/latex/parskip
\parskip.sty
Package: parskip 2021-03-14 v2.0h non-zero parskip adjustments

(C:\Users\imiha.DESKTOP-V5R17OO\AppData\Local\Programs\MiKTeX\tex/latex/etoolbo
x\etoolbox.sty
Package: etoolbox 2020/10/05 v2.5k e-TeX tools for LaTeX (JAW)
\etb@tempcnta=\count298
))
(C:\Users\imiha.DESKTOP-V5R17OO\AppData\Local\Programs\MiKTeX\tex/latex/tools\i
ndentfirst.sty
Package: indentfirst 1995/11/23 v1.03 Indent first paragraph (DPC)
)
(C:\Users\imiha.DESKTOP-V5R17OO\AppData\Local\Programs\MiKTeX\tex/latex/listing
s\listings.sty
\lst@mode=\count299
\lst@gtempboxa=\box58
\lst@token=\toks26
\lst@length=\count300
\lst@currlwidth=\dimen173
\lst@column=\count301
\lst@pos=\count302
\lst@lostspace=\dimen174
\lst@width=\dimen175
\lst@newlines=\count303
\lst@lineno=\count304
\lst@maxwidth=\dimen176

(C:\Users\imiha.DESKTOP-V5R17OO\AppData\Local\Programs\MiKTeX\tex/latex/listing
s\lstmisc.sty
File: lstmisc.sty 2023/02/27 1.9 (Carsten Heinz)
\c@lstnumber=\count305
\lst@skipnumbers=\count306
\lst@framebox=\box59
)
(C:\Users\imiha.DESKTOP-V5R17OO\AppData\Local\Programs\MiKTeX\tex/latex/listing
s\listings.cfg
File: listings.cfg 2023/02/27 1.9 listings configuration
))
Package: listings 2023/02/27 1.9 (Carsten Heinz)

(C:\Users\imiha.DESKTOP-V5R17OO\AppData\Local\Programs\MiKTeX\tex/latex/listing
s\lstlang1.sty
File: lstlang1.sty 2023/02/27 1.9 listings language file
)
(C:\Users\imiha.DESKTOP-V5R17OO\AppData\Local\Programs\MiKTeX\tex/latex/dirtree
\dirtree.sty
Package: dirtree 2012/12/11 v0.32 package wrapper for dirtree

(C:\Users\imiha.DESKTOP-V5R17OO\AppData\Local\Programs\MiKTeX\tex/generic/dirtr
ee\dirtree.tex `dirtree' v0.32, 2012/12/11 (jcc)
\DT@offset=\dimen177
\DT@width=\dimen178
\DT@sep=\dimen179
\DT@all=\dimen180
\DT@rulewidth=\dimen181
\DT@dotwidth=\dimen182
\DTbaselineskip=\dimen183
\DT@counti=\count307
\DT@countii=\count308
\DT@countiii=\count309
\DT@countiv=\count310
\DT@indent=\dimen184
\DT@parskip=\dimen185
\DT@baselineskip=\dimen186
)
File: dirtree.tex 2012/12/11 v0.32 `dirtree' (jcc)
))
(C:\Users\imiha.DESKTOP-V5R17OO\AppData\Local\Programs\MiKTeX\tex/latex/float\f
loat.sty
Package: float 2001/11/08 v1.3d Float enhancements (AL)
\c@float@type=\count311
\float@exts=\toks27
\float@box=\box60
\@float@everytoks=\toks28
\@floatcapt=\box61
)
LaTeX Font Info:    Trying to load font information for T1+ptm on input line 5.


(C:\Users\imiha.DESKTOP-V5R17OO\AppData\Local\Programs\MiKTeX\tex/latex/psnfss\
t1ptm.fd
File: t1ptm.fd 2001/06/04 font definitions for T1/ptm.
)
(C:\Users\imiha.DESKTOP-V5R17OO\AppData\Local\Programs\MiKTeX\tex/latex/l3backe
nd\l3backend-pdftex.def
File: l3backend-pdftex.def 2023-03-30 L3 backend support: PDF output (pdfTeX)
\l__color_backend_stack_int=\count312
\l__pdf_internal_box=\box62
) (mihanovic_zavrsni.aux)
\openout1 = `mihanovic_zavrsni.aux'.

LaTeX Font Info:    Checking defaults for OML/cmm/m/it on input line 5.
LaTeX Font Info:    ... okay on input line 5.
LaTeX Font Info:    Checking defaults for OMS/cmsy/m/n on input line 5.
LaTeX Font Info:    ... okay on input line 5.
LaTeX Font Info:    Checking defaults for OT1/cmr/m/n on input line 5.
LaTeX Font Info:    ... okay on input line 5.
LaTeX Font Info:    Checking defaults for T1/cmr/m/n on input line 5.
LaTeX Font Info:    ... okay on input line 5.
LaTeX Font Info:    Checking defaults for TS1/cmr/m/n on input line 5.
LaTeX Font Info:    ... okay on input line 5.
LaTeX Font Info:    Checking defaults for OMX/cmex/m/n on input line 5.
LaTeX Font Info:    ... okay on input line 5.
LaTeX Font Info:    Checking defaults for U/cmr/m/n on input line 5.
LaTeX Font Info:    ... okay on input line 5.
LaTeX Font Info:    Checking defaults for PD1/pdf/m/n on input line 5.
LaTeX Font Info:    ... okay on input line 5.
LaTeX Font Info:    Checking defaults for PU/pdf/m/n on input line 5.
LaTeX Font Info:    ... okay on input line 5.

(C:\Users\imiha.DESKTOP-V5R17OO\AppData\Local\Programs\MiKTeX\tex/context/base/
mkii\supp-pdf.mkii
[Loading MPS to PDF converter (version 2006.09.02).]
\scratchcounter=\count313
\scratchdimen=\dimen187
\scratchbox=\box63
\nofMPsegments=\count314
\nofMParguments=\count315
\everyMPshowfont=\toks29
\MPscratchCnt=\count316
\MPscratchDim=\dimen188
\MPnumerator=\count317
\makeMPintoPDFobject=\count318
\everyMPtoPDFconversion=\toks30
)
(C:\Users\imiha.DESKTOP-V5R17OO\AppData\Local\Programs\MiKTeX\tex/latex/epstopd
f-pkg\epstopdf-base.sty
Package: epstopdf-base 2020-01-24 v2.11 Base part for package epstopdf
Package epstopdf-base Info: Redefining graphics rule for `.eps' on input line 4
85.

(C:\Users\imiha.DESKTOP-V5R17OO\AppData\Local\Programs\MiKTeX\tex/latex/00mikte
x\epstopdf-sys.cfg
File: epstopdf-sys.cfg 2021/03/18 v2.0 Configuration of epstopdf for MiKTeX
))
*geometry* driver: auto-detecting
*geometry* detected driver: pdftex
*geometry* verbose mode - [ preamble ] result:
* driver: pdftex
* paper: a4paper
* layout: <same size as paper>
* layoutoffset:(h,v)=(0.0pt,0.0pt)
* modes: 
* h-part:(L,W,R)=(85.35826pt, 441.01773pt, 71.13188pt)
* v-part:(T,H,B)=(71.13188pt, 702.78308pt, 71.13188pt)
* \paperwidth=597.50787pt
* \paperheight=845.04684pt
* \textwidth=441.01773pt
* \textheight=702.78308pt
* \oddsidemargin=13.08827pt
* \evensidemargin=13.08827pt
* \topmargin=-38.1381pt
* \headheight=12.0pt
* \headsep=25.0pt
* \topskip=12.0pt
* \footskip=30.0pt
* \marginparwidth=35.0pt
* \marginparsep=10.0pt
* \columnsep=10.0pt
* \skip\footins=10.8pt plus 4.0pt minus 2.0pt
* \hoffset=0.0pt
* \voffset=0.0pt
* \mag=1000
* \@twocolumnfalse
* \@twosidefalse
* \@mparswitchfalse
* \@reversemarginfalse
* (1in=72.27pt=25.4mm, 1cm=28.453pt)


(C:\Users\imiha.DESKTOP-V5R17OO\AppData\Local\Programs\MiKTeX\tex/latex/pdflsca
pe\pdflscape.sty
Package: pdflscape 2022-10-27 v0.13 Display of landscape pages in PDF

(C:\Users\imiha.DESKTOP-V5R17OO\AppData\Local\Programs\MiKTeX\tex/latex/pdflsca
pe\pdflscape-nometadata.sty
Package: pdflscape-nometadata 2022-10-28 v0.13 Display of landscape pages in PD
F (HO)

(C:\Users\imiha.DESKTOP-V5R17OO\AppData\Local\Programs\MiKTeX\tex/latex/graphic
s\lscape.sty
Package: lscape 2020/05/28 v3.02 Landscape Pages (DPC)
)
Package pdflscape Info: Auto-detected driver: pdftex on input line 81.
))
Package hyperref Info: Link coloring OFF on input line 5.
 (mihanovic_zavrsni.out) (mihanovic_zavrsni.out)
\@outlinefile=\write3
\openout3 = `mihanovic_zavrsni.out'.

Package caption Info: Begin \AtBeginDocument code.
Package caption Info: subfig package v1.3 is loaded.
Package caption Info: float package is loaded.
Package caption Info: listings package is loaded.
Package caption Info: End \AtBeginDocument code.
\c@lstlisting=\count319

(00_frontmatter.tex
<titlepages.pdf, id=126, 597.432pt x 845.07718pt>
File: titlepages.pdf Graphic file (type pdf)
<use titlepages.pdf>
Package pdftex.def Info: titlepages.pdf  used on input line 2.
(pdftex.def)             Requested size: 597.43054pt x 845.07512pt.
File: titlepages.pdf Graphic file (type pdf)
<use titlepages.pdf>
Package pdftex.def Info: titlepages.pdf  used on input line 2.
(pdftex.def)             Requested size: 597.43054pt x 845.07512pt.
<titlepages.pdf, id=129, page=1, 597.432pt x 845.07718pt>
File: titlepages.pdf Graphic file (type pdf)
<use titlepages.pdf, page 1>
Package pdftex.def Info: titlepages.pdf , page1 used on input line 2.
(pdftex.def)             Requested size: 597.43054pt x 845.07512pt.
File: titlepages.pdf Graphic file (type pdf)
<use titlepages.pdf, page 1>
Package pdftex.def Info: titlepages.pdf , page1 used on input line 2.
(pdftex.def)             Requested size: 597.45789pt x 845.1138pt.
File: titlepages.pdf Graphic file (type pdf)
<use titlepages.pdf, page 1>
Package pdftex.def Info: titlepages.pdf , page1 used on input line 2.
(pdftex.def)             Requested size: 597.45789pt x 845.1138pt.
File: titlepages.pdf Graphic file (type pdf)
<use titlepages.pdf, page 1>
Package pdftex.def Info: titlepages.pdf , page1 used on input line 2.
(pdftex.def)             Requested size: 597.45789pt x 845.1138pt.
File: titlepages.pdf Graphic file (type pdf)
<use titlepages.pdf, page 1>
Package pdftex.def Info: titlepages.pdf , page1 used on input line 2.
(pdftex.def)             Requested size: 597.45789pt x 845.1138pt.
 [1

 <./titlepages.pdf>]
<titlepages.pdf, id=165, page=2, 597.432pt x 845.07718pt>
File: titlepages.pdf Graphic file (type pdf)
<use titlepages.pdf, page 2>
Package pdftex.def Info: titlepages.pdf , page2 used on input line 2.
(pdftex.def)             Requested size: 597.45789pt x 845.1138pt.
File: titlepages.pdf Graphic file (type pdf)
<use titlepages.pdf, page 2>
Package pdftex.def Info: titlepages.pdf , page2 used on input line 2.
(pdftex.def)             Requested size: 597.45789pt x 845.1138pt.

pdfTeX warning (ext4): destination with the same identifier (name{page.}) has b
een already used, duplicate ignored
<to be read again> 
                   \relax 
l.2 \includepdf[pages={1-2}]{titlepages.pdf}
                                            
File: titlepages.pdf Graphic file (type pdf)
<use titlepages.pdf, page 2>
Package pdftex.def Info: titlepages.pdf , page2 used on input line 2.
(pdftex.def)             Requested size: 597.45789pt x 845.1138pt.
 [2 <./titlepages.pdf>]
LaTeX Font Info:    Trying to load font information for T1+phv on input line 8.


(C:\Users\imiha.DESKTOP-V5R17OO\AppData\Local\Programs\MiKTeX\tex/latex/psnfss\
t1phv.fd
File: t1phv.fd 2020/03/25 scalable font definitions for T1/phv.
) (mihanovic_zavrsni.toc
LaTeX Font Info:    External font `cmex10' loaded for size
(Font)              <12> on input line 8.
LaTeX Font Info:    External font `cmex10' loaded for size
(Font)              <8> on input line 8.
LaTeX Font Info:    External font `cmex10' loaded for size
(Font)              <6> on input line 8.
LaTeX Font Info:    Trying to load font information for T1+pcr on input line 29
.

(C:\Users\imiha.DESKTOP-V5R17OO\AppData\Local\Programs\MiKTeX\tex/latex/psnfss\
t1pcr.fd
File: t1pcr.fd 2001/06/04 font definitions for T1/pcr.
) [1

{C:/Users/imiha.DESKTOP-V5R17OO/AppData/Local/MiKTeX/fonts/map/pdftex/pdftex.ma
p}{C:/Users/imiha.DESKTOP-V5R17OO/AppData/Local/Programs/MiKTeX/fonts/enc/dvips
/base/8r.enc}])
\tf@toc=\write4
\openout4 = `mihanovic_zavrsni.toc'.

 [2]) (01_summary_hr.tex) (01_summary_en.tex)
[1

] (02_introduction.tex) [2] (03_technologies.tex
<assets/NuGet.png, id=228, 782.925pt x 598.6365pt>
File: assets/NuGet.png Graphic file (type png)
<use assets/NuGet.png>
Package pdftex.def Info: assets/NuGet.png  used on input line 14.
(pdftex.def)             Requested size: 441.01773pt x 337.2072pt.
 [3]
Package hyperref Info: bookmark level for unknown lstlisting defaults to 0 on i
nput line 23.
 [4 <./assets/NuGet.png>]
<assets/IdentityDatabase.png, id=252, 1340.00626pt x 853.1875pt>
File: assets/IdentityDatabase.png Graphic file (type png)
<use assets/IdentityDatabase.png>
Package pdftex.def Info: assets/IdentityDatabase.png  used on input line 42.
(pdftex.def)             Requested size: 441.01773pt x 280.79767pt.
[5]
<assets/identityScaffold.png, id=264, 720.89325pt x 495.65175pt>
File: assets/identityScaffold.png Graphic file (type png)
<use assets/identityScaffold.png>
Package pdftex.def Info: assets/identityScaffold.png  used on input line 52.
(pdftex.def)             Requested size: 441.01773pt x 303.22443pt.
 [6 <./assets/IdentityDatabase.png>]
<assets/enableDocker.png, id=279, 517.33275pt x 344.487pt>
File: assets/enableDocker.png Graphic file (type png)
<use assets/enableDocker.png>
Package pdftex.def Info: assets/enableDocker.png  used on input line 62.
(pdftex.def)             Requested size: 264.61333pt x 176.20642pt.
 [7 <./assets/identityScaffold.png>]
<assets/addDockerSupport.png, id=291, 510.708pt x 383.63326pt>
File: assets/addDockerSupport.png Graphic file (type png)
<use assets/addDockerSupport.png>
Package pdftex.def Info: assets/addDockerSupport.png  used on input line 69.
(pdftex.def)             Requested size: 264.61333pt x 198.77628pt.
<assets/dockerCompose.png, id=295, 198.7425pt x 77.088pt>
File: assets/dockerCompose.png Graphic file (type png)
<use assets/dockerCompose.png>
Package pdftex.def Info: assets/dockerCompose.png  used on input line 78.
(pdftex.def)             Requested size: 264.61333pt x 102.64923pt.

[8 <./assets/enableDocker.png> <./assets/addDockerSupport.png>] [9 <./assets/do
ckerCompose.png>] [10]
<assets/dockerDesktop.png, id=376, 1051.5285pt x 551.661pt>
File: assets/dockerDesktop.png Graphic file (type png)
<use assets/dockerDesktop.png>
Package pdftex.def Info: assets/dockerDesktop.png  used on input line 160.
(pdftex.def)             Requested size: 352.81552pt x 185.09589pt.
) [11 <./assets/dockerDesktop.png>] [12]
(04_implementation.tex
<assets/Ntier.png, id=404, 352.31625pt x 352.31625pt>
File: assets/Ntier.png Graphic file (type png)
<use assets/Ntier.png>
Package pdftex.def Info: assets/Ntier.png  used on input line 8.
(pdftex.def)             Requested size: 264.61333pt x 264.61284pt.

Underfull \hbox (badness 10000) in paragraph at lines 4--12

 []

LaTeX Font Info:    Font shape `T1/phv/b/it' in size <14.4> not available
(Font)              Font shape `T1/phv/b/sl' tried instead on input line 14.
<assets/StrukturaPrimeCareMed.png, id=407, 204.765pt x 195.73125pt>
File: assets/StrukturaPrimeCareMed.png Graphic file (type png)
<use assets/StrukturaPrimeCareMed.png>
Package pdftex.def Info: assets/StrukturaPrimeCareMed.png  used on input line 1
7.
(pdftex.def)             Requested size: 264.61333pt x 252.95428pt.
[13 <./assets/Ntier.png>]
Underfull \hbox (badness 10000) in paragraph at lines 23--24

 []

LaTeX Font Info:    Trying to load font information for TS1+ptm on input line 2
5.

(C:\Users\imiha.DESKTOP-V5R17OO\AppData\Local\Programs\MiKTeX\tex/latex/psnfss\
ts1ptm.fd
File: ts1ptm.fd 2001/06/04 font definitions for TS1/ptm.
) [14 <./assets/StrukturaPrimeCareMed.png>]
<assets/ERdiagram.png, id=428, 610.6815pt x 389.0535pt>
File: assets/ERdiagram.png Graphic file (type png)
<use assets/ERdiagram.png>
Package pdftex.def Info: assets/ERdiagram.png  used on input line 42.
(pdftex.def)             Requested size: 441.01773pt x 280.97314pt.
 [15 <./assets/ERdiagram.png>] [16] [17] [18]
Overfull \hbox (14.5346pt too wide) in paragraph at lines 150--151
\T1/ptm/m/n/12 to-riju. Ob-zi-rom da je ko-ri-tena vi-es-lojna ar-hi-tek-tura
, po-trebno je na-vesti \T1/pcr/m/n/12 -StartupProject
 []

[19]
Overfull \hbox (14.40411pt too wide) in paragraph at lines 176--177
[]\T1/ptm/m/n/12 Metoda za spre-ma-nje ge-ne-ri-ra-nih po-da-taka u bazu po-da-
taka iz me-tode \T1/pcr/m/n/12 PatientSeeder
 []


Overfull \hbox (20.547pt too wide) in paragraph at lines 186--187
[]\T1/ptm/m/n/12 Punjenje po-dat-cima po-mou JSON da-to-teka ko-ri-teno je za
 en-ti-tete \T1/pcr/m/n/12 Medicine\T1/ptm/m/n/12 , \T1/pcr/m/n/12 Vaccine
 []

[20] [21] [22]
Overfull \hbox (4.38321pt too wide) in paragraph at lines 252--253
\T1/pcr/m/n/12 Appointment.Patient.Id \T1/ptm/m/n/12 jed-nak prim-lje-nom ar-gu
-mentu funk-cije \T1/pcr/m/n/12 PatientId\T1/ptm/m/n/12 . 
 []

[23] [24] [25] [26] [27] [28]
Overfull \hbox (33.42455pt too wide) in paragraph at lines 459--460
[]\T1/pcr/m/n/12 .cshtml \T1/ptm/m/n/12 da-to-teka sa-dri formu za unos s \T1/
pcr/m/n/12 post \T1/ptm/m/n/12 me-to-dom koja se iz-vr-ava u \T1/pcr/m/n/12 On
PostAsync
 []

[29]) [30] (05_functionalities.tex
<assets/loginForma.png, id=843, 1156.32pt x 536.60475pt>
File: assets/loginForma.png Graphic file (type png)
<use assets/loginForma.png>
Package pdftex.def Info: assets/loginForma.png  used on input line 4.
(pdftex.def)             Requested size: 441.01773pt x 204.65701pt.
<assets/formaShift.png, id=846, 277.63725pt x 249.93375pt>
File: assets/formaShift.png Graphic file (type png)
<use assets/formaShift.png>
Package pdftex.def Info: assets/formaShift.png  used on input line 13.
(pdftex.def)             Requested size: 264.61333pt x 238.21751pt.
 [31 <./assets/loginForma.png>]
<assets/sysAdminIndex.png, id=855, 1156.32pt x 538.4115pt>
File: assets/sysAdminIndex.png Graphic file (type png)
<use assets/sysAdminIndex.png>
Package pdftex.def Info: assets/sysAdminIndex.png  used on input line 22.
(pdftex.def)             Requested size: 441.01773pt x 205.3461pt.
<assets/viewAllUsers.png, id=858, 1156.32pt x 538.4115pt>
File: assets/viewAllUsers.png Graphic file (type png)
<use assets/viewAllUsers.png>
Package pdftex.def Info: assets/viewAllUsers.png  used on input line 31.
(pdftex.def)             Requested size: 441.01773pt x 205.3461pt.
 [32 <./assets/formaShift.png> <./assets/sysAdminIndex.png>]
<assets/newPatient.png, id=870, 1155.1155pt x 538.4115pt>
File: assets/newPatient.png Graphic file (type png)
<use assets/newPatient.png>
Package pdftex.def Info: assets/newPatient.png  used on input line 40.
(pdftex.def)             Requested size: 441.01773pt x 205.55971pt.
 [33 <./assets/viewAllUsers.png> <./assets/newPatient.png>]
<assets/newCheckup.png, id=884, 1156.32pt x 540.21825pt>
File: assets/newCheckup.png Graphic file (type png)
<use assets/newCheckup.png>
Package pdftex.def Info: assets/newCheckup.png  used on input line 49.
(pdftex.def)             Requested size: 441.01773pt x 206.03517pt.
<assets/allCheckups.png, id=890, 1156.32pt x 537.207pt>
File: assets/allCheckups.png Graphic file (type png)
<use assets/allCheckups.png>
Package pdftex.def Info: assets/allCheckups.png  used on input line 58.
(pdftex.def)             Requested size: 441.01773pt x 204.88672pt.
<assets/newAppointment.png, id=892, 1156.32pt x 537.80925pt>
File: assets/newAppointment.png Graphic file (type png)
<use assets/newAppointment.png>
Package pdftex.def Info: assets/newAppointment.png  used on input line 65.
(pdftex.def)             Requested size: 441.01773pt x 205.11641pt.
 [34 <./assets/newCheckup.png> <./assets/allCheckups.png>]
<assets/waitingRoom.png, id=905, 1156.32pt x 537.207pt>
File: assets/waitingRoom.png Graphic file (type png)
<use assets/waitingRoom.png>
Package pdftex.def Info: assets/waitingRoom.png  used on input line 74.
(pdftex.def)             Requested size: 441.01773pt x 204.88672pt.
<assets/appointmentDetails.png, id=908, 1156.32pt x 537.80925pt>
File: assets/appointmentDetails.png Graphic file (type png)
<use assets/appointmentDetails.png>
Package pdftex.def Info: assets/appointmentDetails.png  used on input line 83.
(pdftex.def)             Requested size: 441.01773pt x 205.11641pt.
 [35 <./assets/newAppointment.png> <./assets/waitingRoom.png>]) [36 <./assets/a
ppointmentDetails.png>] (06_conclusion.tex) [37] (mihanovic_zavrsni.bbl
Underfull \hbox (badness 10000) in paragraph at lines 33--36
[]\T1/ptm/m/n/12 Microsoft Cor-po-ra-tion, ``Mi-cro-soft Do-cu-men-ta-tion - Sc
af-fold Iden-tity,''
 []


Underfull \hbox (badness 10000) in paragraph at lines 33--36
[]$\T1/ptm/m/n/12 https : / / learn . microsoft . com / en -[] us / aspnet / co
re / security / authentication / sca^^[old -[]
 []


Underfull \hbox (badness 1888) in paragraph at lines 38--41
[]\T1/ptm/m/n/12 ------, ``Mi-cro-soft Do-cu-men-ta-tion - Con-ta-iner To-ols F
or Doc-ker,'' []$https : / / learn .
 []


Underfull \hbox (badness 10000) in paragraph at lines 49--51
[]\T1/ptm/m/n/12 Grigoras Alexan-dru, ``N-Tier-Architecture,'' []$https : / / g
ithub . com / nuyonu / N -[] Tier -[]
 []


Underfull \hbox (badness 1668) in paragraph at lines 53--56
\T1/ptm/m/n/12 / / learn . microsoft . com / en -[] us / azure / architecture /
 guide / architecture -[] styles / n -[] tier$[], po-sje-
 []

) [38] (mihanovic_zavrsni.lof)
\tf@lof=\write5
\openout5 = `mihanovic_zavrsni.lof'.

 (mihanovic_zavrsni.lot)
\tf@lot=\write6
\openout6 = `mihanovic_zavrsni.lot'.

 (mihanovic_zavrsni.lol
[39

])
\tf@lol=\write7
\openout7 = `mihanovic_zavrsni.lol'.

 [40] (mihanovic_zavrsni.aux)
Package rerunfilecheck Info: File `mihanovic_zavrsni.out' has not changed.
(rerunfilecheck)             Checksum: 88EEDE4C3A2CB7D37DA8640C72B692CC;4315.
 ) 
Here is how much of TeX's memory you used:
 17084 strings out of 476331
 284407 string characters out of 5780214
 2271660 words of memory out of 5000000
 36666 multiletter control sequences out of 15000+600000
 552876 words of font info for 73 fonts, out of 8000000 for 9000
 1141 hyphenation exceptions out of 8191
 80i,17n,79p,1010b,2010s stack positions out of 10000i,1000n,20000p,200000b,200000s
<C:/Users/imiha.DESKTOP-V5R17OO/AppData/Local/Programs/MiKTeX/fonts/type1/pub
lic/amsfonts/latxfont/lcircle1.pfb><C:/Users/imiha.DESKTOP-V5R17OO/AppData/Loca
l/Programs/MiKTeX/fonts/type1/urw/courier/ucrb8a.pfb><C:/Users/imiha.DESKTOP-V5
R17OO/AppData/Local/Programs/MiKTeX/fonts/type1/urw/courier/ucrr8a.pfb><C:/User
s/imiha.DESKTOP-V5R17OO/AppData/Local/Programs/MiKTeX/fonts/type1/urw/helvetic/
uhvb8a.pfb><C:/Users/imiha.DESKTOP-V5R17OO/AppData/Local/Programs/MiKTeX/fonts/
type1/urw/helvetic/uhvbo8a.pfb><C:/Users/imiha.DESKTOP-V5R17OO/AppData/Local/Pr
ograms/MiKTeX/fonts/type1/urw/times/utmb8a.pfb><C:/Users/imiha.DESKTOP-V5R17OO/
AppData/Local/Programs/MiKTeX/fonts/type1/urw/times/utmr8a.pfb><C:/Users/imiha.
DESKTOP-V5R17OO/AppData/Local/Programs/MiKTeX/fonts/type1/urw/times/utmri8a.pfb
>
Output written on mihanovic_zavrsni.pdf (44 pages, 7762733 bytes).
PDF statistics:
 1151 PDF objects out of 1200 (max. 8388607)
 510 named destinations out of 1000 (max. 500000)
 494 words of extra memory for PDF output out of 10000 (max. 10000000)

