\BOOKMARK [1][-]{section*.2}{\376\377\000S\000a\001\176\000e\000t\000a\000k}{}% 1
\BOOKMARK [1][-]{section.1}{\376\377\000U\000v\000o\000d}{}% 2
\BOOKMARK [1][-]{section.2}{\376\377\000K\000o\000r\000i\001\141\000t\000e\000n\000e\000\040\000t\000e\000h\000n\000o\000l\000o\000g\000i\000j\000e}{}% 3
\BOOKMARK [2][-]{subsection.2.1}{\376\377\000A\000S\000P\000.\000N\000E\000T\000\040\000C\000o\000r\000e}{section.2}% 4
\BOOKMARK [3][-]{subsubsection.2.1.1}{\376\377\000C\000\043}{subsection.2.1}% 5
\BOOKMARK [3][-]{subsubsection.2.1.2}{\376\377\000N\000u\000G\000e\000t\000\040\000u\000p\000r\000a\000v\000i\000t\000e\000l\000j\000\040\000p\000a\000k\000e\000t\000a}{subsection.2.1}% 6
\BOOKMARK [3][-]{subsubsection.2.1.3}{\376\377\000E\000n\000t\000i\000t\000y\000\040\000F\000r\000a\000m\000e\000w\000o\000r\000k\000\040\000C\000o\000r\000e}{subsection.2.1}% 7
\BOOKMARK [3][-]{subsubsection.2.1.4}{\376\377\000R\000a\000z\000o\000r\000\040\000P\000a\000g\000e\000s}{subsection.2.1}% 8
\BOOKMARK [3][-]{subsubsection.2.1.5}{\376\377\000A\000S\000P\000.\000N\000E\000T\000\040\000C\000o\000r\000e\000\040\000I\000d\000e\000n\000t\000i\000t\000y}{subsection.2.1}% 9
\BOOKMARK [4][-]{paragraph.2.1.5.1}{\376\377\000S\000c\000a\000f\000f\000o\000l\000d\000\040\000I\000d\000e\000n\000t\000i\000t\000y}{subsubsection.2.1.5}% 10
\BOOKMARK [2][-]{subsection.2.2}{\376\377\000D\000o\000c\000k\000e\000r}{section.2}% 11
\BOOKMARK [2][-]{subsection.2.3}{\376\377\000P\000o\000s\000t\000g\000r\000e\000S\000Q\000L}{section.2}% 12
\BOOKMARK [1][-]{section.3}{\376\377\000I\000z\000v\000e\000d\000b\000a\000\040\000p\000r\000a\000k\000t\000i\001\015\000n\000o\000g\000\040\000r\000a\000d\000a}{}% 13
\BOOKMARK [2][-]{subsection.3.1}{\376\377\000P\000o\000s\000t\000a\000v\000l\000j\000a\000n\000j\000e\000\040\000a\000p\000l\000i\000k\000a\000c\000i\000j\000e}{section.3}% 14
\BOOKMARK [2][-]{subsection.3.2}{\376\377\000S\000t\000r\000u\000k\000t\000u\000r\000a\000\040\000P\000r\000i\000m\000e\000C\000a\000r\000e\000M\000e\000d\000\040\000a\000p\000l\000i\000k\000a\000c\000i\000j\000e}{section.3}% 15
\BOOKMARK [2][-]{subsection.3.3}{\376\377\000B\000a\000z\000a\000\040\000p\000o\000d\000a\000t\000a\000k\000a}{section.3}% 16
\BOOKMARK [3][-]{subsubsection.3.3.1}{\376\377\000S\000t\000r\000u\000k\000t\000u\000r\000a\000\040\000r\000e\000l\000a\000c\000i\000j\000s\000k\000e\000\040\000b\000a\000z\000e\000\040\000p\000o\000d\000a\000t\000a\000k\000a}{subsection.3.3}% 17
\BOOKMARK [3][-]{subsubsection.3.3.2}{\376\377\000E\000n\000t\000i\000t\000e\000t\000i}{subsection.3.3}% 18
\BOOKMARK [3][-]{subsubsection.3.3.3}{\376\377\000I\000n\000t\000e\000r\000a\000k\000c\000i\000j\000a\000\040\000s\000\040\000b\000a\000z\000o\000m\000\040\000p\000o\000d\000a\000t\000a\000k\000a}{subsection.3.3}% 19
\BOOKMARK [3][-]{subsubsection.3.3.4}{\376\377\000M\000i\000g\000r\000a\000c\000i\000j\000e}{subsection.3.3}% 20
\BOOKMARK [3][-]{subsubsection.3.3.5}{\376\377\000P\000u\000n\000j\000e\000n\000j\000e\000\040\000p\000o\000d\000a\000t\000c\000i\000m\000a}{subsection.3.3}% 21
\BOOKMARK [2][-]{subsection.3.4}{\376\377\000R\000e\000p\000o\000z\000i\000t\000o\000r\000i\000j\000i}{section.3}% 22
\BOOKMARK [2][-]{subsection.3.5}{\376\377\000S\000e\000r\000v\000i\000s\000i}{section.3}% 23
\BOOKMARK [2][-]{subsection.3.6}{\376\377\000R\000a\000z\000o\000r\000P\000a\000g\000e\000s\000\040\000i\000z\000v\000e\000d\000b\000a}{section.3}% 24
\BOOKMARK [3][-]{subsubsection.3.6.1}{\376\377\000.\000c\000s\000h\000t\000m\000l\000\040\000d\000a\000t\000o\000t\000e\000k\000e}{subsection.3.6}% 25
\BOOKMARK [3][-]{subsubsection.3.6.2}{\376\377\000.\000c\000s\000h\000t\000m\000l\000.\000c\000s\000\040\000d\000a\000t\000o\000t\000e\000k\000e}{subsection.3.6}% 26
\BOOKMARK [2][-]{subsection.3.7}{\376\377\000A\000u\000t\000o\000r\000i\000z\000a\000c\000i\000j\000a}{section.3}% 27
\BOOKMARK [2][-]{subsection.3.8}{\376\377\000F\000u\000n\000k\000c\000i\000o\000n\000a\000l\000n\000o\000s\000t\000i\000\040\000a\000p\000l\000i\000k\000a\000c\000i\000j\000e}{section.3}% 28
\BOOKMARK [1][-]{section.4}{\376\377\000Z\000a\000k\000l\000j\000u\001\015\000a\000k}{}% 29
\BOOKMARK [1][-]{section.4}{\376\377\000L\000i\000t\000e\000r\000a\000t\000u\000r\000a}{}% 30
\BOOKMARK [1][-]{section*.31}{\376\377\000D\000o\000d\000a\000t\000c\000i}{}% 31
